Determining if files sys/tree.h exist failed with the following output:
Change Dir: /Users/liwei/github/uv_demo/libevhtp/build-xcode/CMakeFiles/CMakeTmp

Run Build Command:"/usr/bin/xcodebuild" "-project" "CMAKE_TRY_COMPILE.xcodeproj" "build" "-target" "cmTC_37289" "-configuration" "Debug"
=== BUILD TARGET cmTC_37289 OF PROJECT CMAKE_TRY_COMPILE WITH CONFIGURATION Debug ===

Check dependencies

Write auxiliary files
/bin/mkdir -p /Users/liwei/github/uv_demo/libevhtp/build-xcode/CMakeFiles/CMakeTmp/CMAKE_TRY_COMPILE.build/Debug/cmTC_37289.build/Objects-normal/x86_64
write-file /Users/liwei/github/uv_demo/libevhtp/build-xcode/CMakeFiles/CMakeTmp/CMAKE_TRY_COMPILE.build/Debug/cmTC_37289.build/Objects-normal/x86_64/cmTC_37289.LinkFileList

CompileC CMAKE_TRY_COMPILE.build/Debug/cmTC_37289.build/Objects-normal/x86_64/HAVE_SYS_TREE.o /Users/liwei/github/uv_demo/libevhtp/build-xcode/CMakeFiles/CheckIncludeFiles/HAVE_SYS_TREE.c normal x86_64 c com.apple.compilers.llvm.clang.1_0.compiler
    cd /Users/liwei/github/uv_demo/libevhtp/build-xcode/CMakeFiles/CMakeTmp
    export LANG=en_US.US-ASCII
    /Applications/Xcode.app/Contents/Developer/Toolchains/XcodeDefault.xctoolchain/usr/bin/clang -x c -arch x86_64 -fmessage-length=0 -fdiagnostics-show-note-include-stack -fmacro-backtrace-limit=0 -Wno-trigraphs -fpascal-strings -O0 -Wno-missing-field-initializers -Wno-missing-prototypes -Wno-return-type -Wno-missing-braces -Wparentheses -Wswitch -Wno-unused-function -Wno-unused-label -Wno-unused-parameter -Wno-unused-variable -Wunused-value -Wno-empty-body -Wno-uninitialized -Wno-unknown-pragmas -Wno-shadow -Wno-four-char-constants -Wno-conversion -Wno-constant-conversion -Wno-int-conversion -Wno-bool-conversion -Wno-enum-conversion -Wno-float-conversion -Wno-non-literal-null-conversion -Wno-objc-literal-conversion -Wno-shorten-64-to-32 -Wpointer-sign -Wno-newline-eof -DCMAKE_INTDIR=\"Debug\" -isysroot /Applications/Xcode.app/Contents/Developer/Platforms/MacOSX.platform/Developer/SDKs/MacOSX10.13.sdk -fasm-blocks -fstrict-aliasing -Wdeprecated-declarations -mmacosx-version-min=10.13 -g -Wno-sign-conversion -Wno-infinite-recursion -Wno-comma -Wno-block-capture-autoreleasing -Wno-strict-prototypes -I/Users/liwei/github/uv_demo/libevhtp/build-xcode/CMakeFiles/CMakeTmp/Debug/include -I/Users/liwei/github/uv_demo/libevhtp/build-xcode/CMakeFiles/CMakeTmp/CMAKE_TRY_COMPILE.build/Debug/cmTC_37289.build/DerivedSources/x86_64 -I/Users/liwei/github/uv_demo/libevhtp/build-xcode/CMakeFiles/CMakeTmp/CMAKE_TRY_COMPILE.build/Debug/cmTC_37289.build/DerivedSources -Wmost -Wno-four-char-constants -Wno-unknown-pragmas -F/Users/liwei/github/uv_demo/libevhtp/build-xcode/CMakeFiles/CMakeTmp/Debug -DPROJECT_VERSION=1.2.12 -Wall -MMD -MT dependencies -MF /Users/liwei/github/uv_demo/libevhtp/build-xcode/CMakeFiles/CMakeTmp/CMAKE_TRY_COMPILE.build/Debug/cmTC_37289.build/Objects-normal/x86_64/HAVE_SYS_TREE.d --serialize-diagnostics /Users/liwei/github/uv_demo/libevhtp/build-xcode/CMakeFiles/CMakeTmp/CMAKE_TRY_COMPILE.build/Debug/cmTC_37289.build/Objects-normal/x86_64/HAVE_SYS_TREE.dia -c /Users/liwei/github/uv_demo/libevhtp/build-xcode/CMakeFiles/CheckIncludeFiles/HAVE_SYS_TREE.c -o /Users/liwei/github/uv_demo/libevhtp/build-xcode/CMakeFiles/CMakeTmp/CMAKE_TRY_COMPILE.build/Debug/cmTC_37289.build/Objects-normal/x86_64/HAVE_SYS_TREE.o
/Users/liwei/github/uv_demo/libevhtp/build-xcode/CMakeFiles/CheckIncludeFiles/HAVE_SYS_TREE.c:2:10: fatal error: 'sys/tree.h' file not found
#include <sys/tree.h>
         ^~~~~~~~~~~~
1 error generated.

** BUILD FAILED **


The following build commands failed:
	CompileC CMAKE_TRY_COMPILE.build/Debug/cmTC_37289.build/Objects-normal/x86_64/HAVE_SYS_TREE.o /Users/liwei/github/uv_demo/libevhtp/build-xcode/CMakeFiles/CheckIncludeFiles/HAVE_SYS_TREE.c normal x86_64 c com.apple.compilers.llvm.clang.1_0.compiler
(1 failure)

Source:
/* */
#include <sys/tree.h>


int main(void){return 0;}

