This file contains any messages produced by compilers while
running configure, to aid debugging if configure makes a mistake.

It was created by libuv configure 1.22.0, which was
generated by GNU Autoconf 2.69.  Invocation command line was

  $ ./configure 

## --------- ##
## Platform. ##
## --------- ##

hostname = liweideiMac.local
uname -m = x86_64
uname -r = 17.5.0
uname -s = Darwin
uname -v = Darwin Kernel Version 17.5.0: Mon Mar  5 22:24:32 PST 2018; root:xnu-4570.51.1~1/RELEASE_X86_64

/usr/bin/uname -p = i386
/bin/uname -X     = unknown

/bin/arch              = unknown
/usr/bin/arch -k       = unknown
/usr/convex/getsysinfo = unknown
/usr/bin/hostinfo      = Mach kernel version:
	 Darwin Kernel Version 17.5.0: Mon Mar  5 22:24:32 PST 2018; root:xnu-4570.51.1~1/RELEASE_X86_64
Kernel configured for up to 4 processors.
4 processors are physically available.
4 processors are logically available.
Processor type: x86_64h (Intel x86-64h Haswell)
Processors active: 0 1 2 3
Primary memory available: 8.00 gigabytes
Default processor set: 362 tasks, 1673 threads, 4 processors
Load average: 1.96, Mach factor: 2.08
/bin/machine           = unknown
/usr/bin/oslevel       = unknown
/bin/universe          = unknown

PATH: /Library/Frameworks/Python.framework/Versions/3.6/bin
PATH: /Users/liwei/tool/cocos2d-x-3.13/templates
PATH: /Users/liwei/tool
PATH: /Users/liwei/tool/cocos2d-x-3.13/tools/cocos2d-console/bin
PATH: /usr/local/bin
PATH: /usr/bin
PATH: /bin
PATH: /usr/sbin
PATH: /sbin
PATH: /Users/liwei/tool/android-ndk-r11c/


## ----------- ##
## Core tests. ##
## ----------- ##

configure:2347: checking for a BSD-compatible install
configure:2415: result: /usr/bin/install -c
configure:2426: checking whether build environment is sane
configure:2481: result: yes
configure:2632: checking for a thread-safe mkdir -p
configure:2671: result: ./install-sh -c -d
configure:2678: checking for gawk
configure:2708: result: no
configure:2678: checking for mawk
configure:2708: result: no
configure:2678: checking for nawk
configure:2708: result: no
configure:2678: checking for awk
configure:2694: found /usr/bin/awk
configure:2705: result: awk
configure:2716: checking whether make sets $(MAKE)
configure:2738: result: yes
configure:2767: checking whether make supports nested variables
configure:2784: result: yes
configure:2914: checking build system type
configure:2928: result: x86_64-apple-darwin17.5.0
configure:2948: checking host system type
configure:2961: result: x86_64-apple-darwin17.5.0
configure:3091: checking for gcc
configure:3107: found /usr/bin/gcc
configure:3118: result: gcc
configure:3347: checking for C compiler version
configure:3356: gcc --version >&5
Apple LLVM version 9.1.0 (clang-902.0.39.2)
Target: x86_64-apple-darwin17.5.0
Thread model: posix
InstalledDir: /Library/Developer/CommandLineTools/usr/bin
Configured with: --prefix=/Library/Developer/CommandLineTools/usr --with-gxx-include-dir=/usr/include/c++/4.2.1
configure:3367: $? = 0
configure:3356: gcc -v >&5
Configured with: --prefix=/Library/Developer/CommandLineTools/usr --with-gxx-include-dir=/usr/include/c++/4.2.1
Apple LLVM version 9.1.0 (clang-902.0.39.2)
Target: x86_64-apple-darwin17.5.0
Thread model: posix
InstalledDir: /Library/Developer/CommandLineTools/usr/bin
configure:3367: $? = 0
configure:3356: gcc -V >&5
clang: error: argument to '-V' is missing (expected 1 value)
clang: error: no input files
configure:3367: $? = 1
configure:3356: gcc -qversion >&5
clang: error: unknown argument: '-qversion'
clang: error: no input files
configure:3367: $? = 1
configure:3387: checking whether the C compiler works
configure:3409: gcc    conftest.c  >&5
configure:3413: $? = 0
configure:3461: result: yes
configure:3464: checking for C compiler default output file name
configure:3466: result: a.out
configure:3472: checking for suffix of executables
configure:3479: gcc -o conftest    conftest.c  >&5
configure:3483: $? = 0
configure:3505: result: 
configure:3527: checking whether we are cross compiling
configure:3535: gcc -o conftest    conftest.c  >&5
configure:3539: $? = 0
configure:3546: ./conftest
configure:3550: $? = 0
configure:3565: result: no
configure:3570: checking for suffix of object files
configure:3592: gcc -c   conftest.c >&5
configure:3596: $? = 0
configure:3617: result: o
configure:3621: checking whether we are using the GNU C compiler
configure:3640: gcc -c   conftest.c >&5
configure:3640: $? = 0
configure:3649: result: yes
configure:3658: checking whether gcc accepts -g
configure:3678: gcc -c -g  conftest.c >&5
configure:3678: $? = 0
configure:3719: result: yes
configure:3736: checking for gcc option to accept ISO C89
configure:3799: gcc  -c -g -O2  conftest.c >&5
configure:3799: $? = 0
configure:3812: result: none needed
configure:3837: checking whether gcc understands -c and -o together
configure:3859: gcc -c conftest.c -o conftest2.o
configure:3862: $? = 0
configure:3859: gcc -c conftest.c -o conftest2.o
configure:3862: $? = 0
configure:3874: result: yes
configure:3894: checking whether make supports the include directive
configure:3909: make -f confmf.GNU && cat confinc.out
this is the am__doit target
configure:3912: $? = 0
configure:3926: result: yes (GNU style)
configure:3951: checking dependency style of gcc
configure:4062: result: gcc3
configure:4086: checking if gcc supports -pedantic flag
configure:4102: gcc -c -g -O2 -pedantic  conftest.c >&5
configure:4102: $? = 0
configure:4119: result: yes
configure:4131: checking for gcc way to treat warnings as errors
configure:4146: gcc -c -g -O2 -pedantic -Werror  conftest.c >&5
configure:4146: $? = 0
configure:4189: result: -Werror
configure:4194: checking if gcc supports -fvisibility=hidden
configure:4211: gcc -c -g -O2 -pedantic -Werror -fvisibility=hidden  conftest.c >&5
configure:4211: $? = 0
configure:4230: result: yes
configure:4243: checking if gcc supports -g flag
configure:4258: gcc -c -g -O2 -pedantic -g  conftest.c >&5
configure:4258: $? = 0
configure:4275: result: yes
configure:4287: checking if gcc supports -std=gnu89 flag
configure:4302: gcc -c -g -O2 -pedantic -g -std=gnu89  conftest.c >&5
configure:4302: $? = 0
configure:4319: result: yes
configure:4331: checking if gcc supports -Wall flag
configure:4346: gcc -c -g -O2 -pedantic -g -std=gnu89 -Wall  conftest.c >&5
configure:4346: $? = 0
configure:4363: result: yes
configure:4375: checking if gcc supports -Wextra flag
configure:4390: gcc -c -g -O2 -pedantic -g -std=gnu89 -Wall -Wextra  conftest.c >&5
configure:4390: $? = 0
configure:4407: result: yes
configure:4419: checking if gcc supports -Wno-unused-parameter flag
configure:4434: gcc -c -g -O2 -pedantic -g -std=gnu89 -Wall -Wextra -Wno-unused-parameter  conftest.c >&5
configure:4434: $? = 0
configure:4451: result: yes
configure:4463: checking if gcc supports -Wstrict-prototypes flag
configure:4478: gcc -c -g -O2 -pedantic -g -std=gnu89 -Wall -Wextra -Wno-unused-parameter -Wstrict-prototypes  conftest.c >&5
configure:4478: $? = 0
configure:4495: result: yes
configure:4554: checking for ar
configure:4570: found /usr/bin/ar
configure:4581: result: ar
configure:4607: checking the archiver (ar) interface
configure:4623: gcc -c -g -O2 -pedantic -g -std=gnu89 -Wall -Wextra -Wno-unused-parameter -Wstrict-prototypes  conftest.c >&5
configure:4623: $? = 0
configure:4625: ar cru libconftest.a conftest.o >&5
configure:4628: $? = 0
configure:4656: result: ar
configure:4723: checking how to print strings
configure:4750: result: printf
configure:4771: checking for a sed that does not truncate output
configure:4835: result: /usr/bin/sed
configure:4853: checking for grep that handles long lines and -e
configure:4911: result: /usr/bin/grep
configure:4916: checking for egrep
configure:4978: result: /usr/bin/grep -E
configure:4983: checking for fgrep
configure:5045: result: /usr/bin/grep -F
configure:5080: checking for ld used by gcc
configure:5147: result: /Library/Developer/CommandLineTools/usr/bin/ld
configure:5154: checking if the linker (/Library/Developer/CommandLineTools/usr/bin/ld) is GNU ld
configure:5169: result: no
configure:5181: checking for BSD- or MS-compatible name lister (nm)
configure:5235: result: /usr/bin/nm -B
configure:5365: checking the name lister (/usr/bin/nm -B) interface
configure:5372: gcc -c -g -O2 -pedantic -g -std=gnu89 -Wall -Wextra -Wno-unused-parameter -Wstrict-prototypes  conftest.c >&5
configure:5375: /usr/bin/nm -B "conftest.o"
configure:5378: output
00000000000001c4 S _some_variable
configure:5385: result: BSD nm
configure:5388: checking whether ln -s works
configure:5392: result: yes
configure:5400: checking the maximum length of command line arguments
configure:5531: result: 196608
configure:5579: checking how to convert x86_64-apple-darwin17.5.0 file names to x86_64-apple-darwin17.5.0 format
configure:5619: result: func_convert_file_noop
configure:5626: checking how to convert x86_64-apple-darwin17.5.0 file names to toolchain format
configure:5646: result: func_convert_file_noop
configure:5653: checking for /Library/Developer/CommandLineTools/usr/bin/ld option to reload object files
configure:5660: result: -r
configure:5734: checking for objdump
configure:5750: found /usr/bin/objdump
configure:5761: result: objdump
configure:5793: checking how to recognize dependent libraries
configure:5993: result: pass_all
configure:6078: checking for dlltool
configure:6108: result: no
configure:6138: checking how to associate runtime and link libraries
configure:6165: result: printf %s\n
configure:6289: checking for archiver @FILE support
configure:6306: gcc -c -g -O2 -pedantic -g -std=gnu89 -Wall -Wextra -Wno-unused-parameter -Wstrict-prototypes  conftest.c >&5
configure:6306: $? = 0
configure:6309: ar cru libconftest.a @conftest.lst >&5
ar: @conftest.lst: No such file or directory
configure:6312: $? = 1
configure:6332: result: no
configure:6390: checking for strip
configure:6406: found /usr/bin/strip
configure:6417: result: strip
configure:6489: checking for ranlib
configure:6505: found /usr/bin/ranlib
configure:6516: result: ranlib
configure:6618: checking command to parse /usr/bin/nm -B output from gcc object
configure:6771: gcc -c -g -O2 -pedantic -g -std=gnu89 -Wall -Wextra -Wno-unused-parameter -Wstrict-prototypes  conftest.c >&5
configure:6774: $? = 0
configure:6778: /usr/bin/nm -B conftest.o \| sed -n -e 's/^.*[ ]\([BCDEGRST][BCDEGRST]*\)[ ][ ]*\([_A-Za-z][_A-Za-z0-9]*\)$/\1 \2 \2/p' | sed '/ __gnu_lto/d' \> conftest.nm
configure:6781: $? = 0
cannot find nm_test_var in conftest.nm
configure:6771: gcc -c -g -O2 -pedantic -g -std=gnu89 -Wall -Wextra -Wno-unused-parameter -Wstrict-prototypes  conftest.c >&5
configure:6774: $? = 0
configure:6778: /usr/bin/nm -B conftest.o \| sed -n -e 's/^.*[ ]\([BCDEGRST][BCDEGRST]*\)[ ][ ]*_\([_A-Za-z][_A-Za-z0-9]*\)$/\1 _\2 \2/p' | sed '/ __gnu_lto/d' \> conftest.nm
configure:6781: $? = 0
configure:6847: gcc -o conftest -g -O2 -pedantic -g -std=gnu89 -Wall -Wextra -Wno-unused-parameter -Wstrict-prototypes   conftest.c conftstm.o >&5
conftest.c:18:24: warning: this function declaration is not a prototype [-Wstrict-prototypes]
extern int nm_test_func();
                       ^
                        void
1 warning generated.
warning: (x86_64)  could not find object file symbol for symbol _main
configure:6850: $? = 0
configure:6888: result: ok
configure:6935: checking for sysroot
configure:6965: result: no
configure:6972: checking for a working dd
configure:7010: result: /bin/dd
configure:7014: checking how to truncate binary pipes
configure:7029: result: /bin/dd bs=4096 count=1
configure:7358: checking for mt
configure:7388: result: no
configure:7408: checking if : is a manifest tool
configure:7414: : '-?'
configure:7422: result: no
configure:7478: checking for dsymutil
configure:7494: found /usr/bin/dsymutil
configure:7505: result: dsymutil
configure:7570: checking for nmedit
configure:7586: found /usr/bin/nmedit
configure:7597: result: nmedit
configure:7662: checking for lipo
configure:7678: found /usr/bin/lipo
configure:7689: result: lipo
configure:7754: checking for otool
configure:7770: found /usr/bin/otool
configure:7781: result: otool
configure:7846: checking for otool64
configure:7876: result: no
configure:7921: checking for -single_module linker flag
gcc -g -O2 -pedantic -g -std=gnu89 -Wall -Wextra -Wno-unused-parameter -Wstrict-prototypes  -o libconftest.dylib -dynamiclib -Wl,-single_module conftest.c
configure:7954: result: yes
configure:7957: checking for -exported_symbols_list linker flag
configure:7977: gcc -o conftest -g -O2 -pedantic -g -std=gnu89 -Wall -Wextra -Wno-unused-parameter -Wstrict-prototypes   -Wl,-exported_symbols_list,conftest.sym conftest.c  >&5
configure:7977: $? = 0
configure:7987: result: yes
configure:7990: checking for -force_load linker flag
gcc -g -O2 -pedantic -g -std=gnu89 -Wall -Wextra -Wno-unused-parameter -Wstrict-prototypes -c -o conftest.o conftest.c
ar cru libconftest.a conftest.o
ranlib libconftest.a
gcc -g -O2 -pedantic -g -std=gnu89 -Wall -Wextra -Wno-unused-parameter -Wstrict-prototypes  -o conftest conftest.c -Wl,-force_load,./libconftest.a
configure:8022: result: yes
configure:8099: checking how to run the C preprocessor
configure:8130: gcc -E  conftest.c
configure:8130: $? = 0
configure:8144: gcc -E  conftest.c
conftest.c:12:10: fatal error: 'ac_nonexistent.h' file not found
#include <ac_nonexistent.h>
         ^~~~~~~~~~~~~~~~~~
1 error generated.
configure:8144: $? = 1
configure: failed program was:
| /* confdefs.h */
| #define PACKAGE_NAME "libuv"
| #define PACKAGE_TARNAME "libuv"
| #define PACKAGE_VERSION "1.22.0"
| #define PACKAGE_STRING "libuv 1.22.0"
| #define PACKAGE_BUGREPORT "https://github.com/libuv/libuv/issues"
| #define PACKAGE_URL ""
| #define PACKAGE "libuv"
| #define VERSION "1.22.0"
| #define SUPPORT_FLAG_VISIBILITY 1
| /* end confdefs.h.  */
| #include <ac_nonexistent.h>
configure:8169: result: gcc -E
configure:8189: gcc -E  conftest.c
configure:8189: $? = 0
configure:8203: gcc -E  conftest.c
conftest.c:12:10: fatal error: 'ac_nonexistent.h' file not found
#include <ac_nonexistent.h>
         ^~~~~~~~~~~~~~~~~~
1 error generated.
configure:8203: $? = 1
configure: failed program was:
| /* confdefs.h */
| #define PACKAGE_NAME "libuv"
| #define PACKAGE_TARNAME "libuv"
| #define PACKAGE_VERSION "1.22.0"
| #define PACKAGE_STRING "libuv 1.22.0"
| #define PACKAGE_BUGREPORT "https://github.com/libuv/libuv/issues"
| #define PACKAGE_URL ""
| #define PACKAGE "libuv"
| #define VERSION "1.22.0"
| #define SUPPORT_FLAG_VISIBILITY 1
| /* end confdefs.h.  */
| #include <ac_nonexistent.h>
configure:8232: checking for ANSI C header files
configure:8252: gcc -c -g -O2 -pedantic -g -std=gnu89 -Wall -Wextra -Wno-unused-parameter -Wstrict-prototypes  conftest.c >&5
configure:8252: $? = 0
configure:8325: gcc -o conftest -g -O2 -pedantic -g -std=gnu89 -Wall -Wextra -Wno-unused-parameter -Wstrict-prototypes   conftest.c  >&5
configure:8325: $? = 0
configure:8325: ./conftest
configure:8325: $? = 0
configure:8336: result: yes
configure:8349: checking for sys/types.h
configure:8349: gcc -c -g -O2 -pedantic -g -std=gnu89 -Wall -Wextra -Wno-unused-parameter -Wstrict-prototypes  conftest.c >&5
configure:8349: $? = 0
configure:8349: result: yes
configure:8349: checking for sys/stat.h
configure:8349: gcc -c -g -O2 -pedantic -g -std=gnu89 -Wall -Wextra -Wno-unused-parameter -Wstrict-prototypes  conftest.c >&5
configure:8349: $? = 0
configure:8349: result: yes
configure:8349: checking for stdlib.h
configure:8349: gcc -c -g -O2 -pedantic -g -std=gnu89 -Wall -Wextra -Wno-unused-parameter -Wstrict-prototypes  conftest.c >&5
configure:8349: $? = 0
configure:8349: result: yes
configure:8349: checking for string.h
configure:8349: gcc -c -g -O2 -pedantic -g -std=gnu89 -Wall -Wextra -Wno-unused-parameter -Wstrict-prototypes  conftest.c >&5
configure:8349: $? = 0
configure:8349: result: yes
configure:8349: checking for memory.h
configure:8349: gcc -c -g -O2 -pedantic -g -std=gnu89 -Wall -Wextra -Wno-unused-parameter -Wstrict-prototypes  conftest.c >&5
configure:8349: $? = 0
configure:8349: result: yes
configure:8349: checking for strings.h
configure:8349: gcc -c -g -O2 -pedantic -g -std=gnu89 -Wall -Wextra -Wno-unused-parameter -Wstrict-prototypes  conftest.c >&5
configure:8349: $? = 0
configure:8349: result: yes
configure:8349: checking for inttypes.h
configure:8349: gcc -c -g -O2 -pedantic -g -std=gnu89 -Wall -Wextra -Wno-unused-parameter -Wstrict-prototypes  conftest.c >&5
configure:8349: $? = 0
configure:8349: result: yes
configure:8349: checking for stdint.h
configure:8349: gcc -c -g -O2 -pedantic -g -std=gnu89 -Wall -Wextra -Wno-unused-parameter -Wstrict-prototypes  conftest.c >&5
configure:8349: $? = 0
configure:8349: result: yes
configure:8349: checking for unistd.h
configure:8349: gcc -c -g -O2 -pedantic -g -std=gnu89 -Wall -Wextra -Wno-unused-parameter -Wstrict-prototypes  conftest.c >&5
configure:8349: $? = 0
configure:8349: result: yes
configure:8363: checking for dlfcn.h
configure:8363: gcc -c -g -O2 -pedantic -g -std=gnu89 -Wall -Wextra -Wno-unused-parameter -Wstrict-prototypes  conftest.c >&5
configure:8363: $? = 0
configure:8363: result: yes
configure:8559: checking for objdir
configure:8574: result: .libs
configure:8838: checking if gcc supports -fno-rtti -fno-exceptions
configure:8856: gcc -c -g -O2 -pedantic -g -std=gnu89 -Wall -Wextra -Wno-unused-parameter -Wstrict-prototypes  -fno-rtti -fno-exceptions conftest.c >&5
configure:8860: $? = 0
configure:8873: result: yes
configure:9231: checking for gcc option to produce PIC
configure:9238: result: -fno-common -DPIC
configure:9246: checking if gcc PIC flag -fno-common -DPIC works
configure:9264: gcc -c -g -O2 -pedantic -g -std=gnu89 -Wall -Wextra -Wno-unused-parameter -Wstrict-prototypes  -fno-common -DPIC -DPIC conftest.c >&5
configure:9268: $? = 0
configure:9281: result: yes
configure:9310: checking if gcc static flag -static works
configure:9338: result: no
configure:9353: checking if gcc supports -c -o file.o
configure:9374: gcc -c -g -O2 -pedantic -g -std=gnu89 -Wall -Wextra -Wno-unused-parameter -Wstrict-prototypes  -o out/conftest2.o conftest.c >&5
configure:9378: $? = 0
configure:9400: result: yes
configure:9408: checking if gcc supports -c -o file.o
configure:9455: result: yes
configure:9488: checking whether the gcc linker (/Library/Developer/CommandLineTools/usr/bin/ld) supports shared libraries
configure:10747: result: yes
configure:10987: checking dynamic linker characteristics
configure:11805: result: darwin17.5.0 dyld
configure:11927: checking how to hardcode library paths into programs
configure:11952: result: immediate
configure:12500: checking whether stripping libraries is possible
configure:12514: result: yes
configure:12540: checking if libtool supports shared libraries
configure:12542: result: yes
configure:12545: checking whether to build shared libraries
configure:12570: result: yes
configure:12573: checking whether to build static libraries
configure:12577: result: yes
configure:12625: checking whether make supports nested variables
configure:12642: result: yes
configure:12655: checking for dlopen in -ldl
configure:12680: gcc -o conftest -g -O2 -pedantic -g -std=gnu89 -Wall -Wextra -Wno-unused-parameter -Wstrict-prototypes   conftest.c -ldl   >&5
conftest.c:31:13: warning: this function declaration is not a prototype [-Wstrict-prototypes]
char dlopen ();
            ^
             void
1 warning generated.
configure:12680: $? = 0
configure:12689: result: yes
configure:12700: checking for kstat_lookup in -lkstat
configure:12725: gcc -o conftest -g -O2 -pedantic -g -std=gnu89 -Wall -Wextra -Wno-unused-parameter -Wstrict-prototypes   conftest.c -lkstat  -ldl  >&5
conftest.c:32:19: warning: this function declaration is not a prototype [-Wstrict-prototypes]
char kstat_lookup ();
                  ^
                   void
1 warning generated.
ld: library not found for -lkstat
clang: error: linker command failed with exit code 1 (use -v to see invocation)
configure:12725: $? = 1
configure: failed program was:
| /* confdefs.h */
| #define PACKAGE_NAME "libuv"
| #define PACKAGE_TARNAME "libuv"
| #define PACKAGE_VERSION "1.22.0"
| #define PACKAGE_STRING "libuv 1.22.0"
| #define PACKAGE_BUGREPORT "https://github.com/libuv/libuv/issues"
| #define PACKAGE_URL ""
| #define PACKAGE "libuv"
| #define VERSION "1.22.0"
| #define SUPPORT_FLAG_VISIBILITY 1
| #define STDC_HEADERS 1
| #define HAVE_SYS_TYPES_H 1
| #define HAVE_SYS_STAT_H 1
| #define HAVE_STDLIB_H 1
| #define HAVE_STRING_H 1
| #define HAVE_MEMORY_H 1
| #define HAVE_STRINGS_H 1
| #define HAVE_INTTYPES_H 1
| #define HAVE_STDINT_H 1
| #define HAVE_UNISTD_H 1
| #define HAVE_DLFCN_H 1
| #define LT_OBJDIR ".libs/"
| #define HAVE_LIBDL 1
| /* end confdefs.h.  */
| 
| /* Override any GCC internal prototype to avoid an error.
|    Use char because int might match the return type of a GCC
|    builtin and then its argument prototype would still apply.  */
| #ifdef __cplusplus
| extern "C"
| #endif
| char kstat_lookup ();
| int
| main ()
| {
| return kstat_lookup ();
|   ;
|   return 0;
| }
configure:12734: result: no
configure:12745: checking for gethostbyname in -lnsl
configure:12770: gcc -o conftest -g -O2 -pedantic -g -std=gnu89 -Wall -Wextra -Wno-unused-parameter -Wstrict-prototypes   conftest.c -lnsl  -ldl  >&5
conftest.c:32:20: warning: this function declaration is not a prototype [-Wstrict-prototypes]
char gethostbyname ();
                   ^
                    void
1 warning generated.
ld: library not found for -lnsl
clang: error: linker command failed with exit code 1 (use -v to see invocation)
configure:12770: $? = 1
configure: failed program was:
| /* confdefs.h */
| #define PACKAGE_NAME "libuv"
| #define PACKAGE_TARNAME "libuv"
| #define PACKAGE_VERSION "1.22.0"
| #define PACKAGE_STRING "libuv 1.22.0"
| #define PACKAGE_BUGREPORT "https://github.com/libuv/libuv/issues"
| #define PACKAGE_URL ""
| #define PACKAGE "libuv"
| #define VERSION "1.22.0"
| #define SUPPORT_FLAG_VISIBILITY 1
| #define STDC_HEADERS 1
| #define HAVE_SYS_TYPES_H 1
| #define HAVE_SYS_STAT_H 1
| #define HAVE_STDLIB_H 1
| #define HAVE_STRING_H 1
| #define HAVE_MEMORY_H 1
| #define HAVE_STRINGS_H 1
| #define HAVE_INTTYPES_H 1
| #define HAVE_STDINT_H 1
| #define HAVE_UNISTD_H 1
| #define HAVE_DLFCN_H 1
| #define LT_OBJDIR ".libs/"
| #define HAVE_LIBDL 1
| /* end confdefs.h.  */
| 
| /* Override any GCC internal prototype to avoid an error.
|    Use char because int might match the return type of a GCC
|    builtin and then its argument prototype would still apply.  */
| #ifdef __cplusplus
| extern "C"
| #endif
| char gethostbyname ();
| int
| main ()
| {
| return gethostbyname ();
|   ;
|   return 0;
| }
configure:12779: result: no
configure:12790: checking for perfstat_cpu in -lperfstat
configure:12815: gcc -o conftest -g -O2 -pedantic -g -std=gnu89 -Wall -Wextra -Wno-unused-parameter -Wstrict-prototypes   conftest.c -lperfstat  -ldl  >&5
conftest.c:32:19: warning: this function declaration is not a prototype [-Wstrict-prototypes]
char perfstat_cpu ();
                  ^
                   void
1 warning generated.
ld: library not found for -lperfstat
clang: error: linker command failed with exit code 1 (use -v to see invocation)
configure:12815: $? = 1
configure: failed program was:
| /* confdefs.h */
| #define PACKAGE_NAME "libuv"
| #define PACKAGE_TARNAME "libuv"
| #define PACKAGE_VERSION "1.22.0"
| #define PACKAGE_STRING "libuv 1.22.0"
| #define PACKAGE_BUGREPORT "https://github.com/libuv/libuv/issues"
| #define PACKAGE_URL ""
| #define PACKAGE "libuv"
| #define VERSION "1.22.0"
| #define SUPPORT_FLAG_VISIBILITY 1
| #define STDC_HEADERS 1
| #define HAVE_SYS_TYPES_H 1
| #define HAVE_SYS_STAT_H 1
| #define HAVE_STDLIB_H 1
| #define HAVE_STRING_H 1
| #define HAVE_MEMORY_H 1
| #define HAVE_STRINGS_H 1
| #define HAVE_INTTYPES_H 1
| #define HAVE_STDINT_H 1
| #define HAVE_UNISTD_H 1
| #define HAVE_DLFCN_H 1
| #define LT_OBJDIR ".libs/"
| #define HAVE_LIBDL 1
| /* end confdefs.h.  */
| 
| /* Override any GCC internal prototype to avoid an error.
|    Use char because int might match the return type of a GCC
|    builtin and then its argument prototype would still apply.  */
| #ifdef __cplusplus
| extern "C"
| #endif
| char perfstat_cpu ();
| int
| main ()
| {
| return perfstat_cpu ();
|   ;
|   return 0;
| }
configure:12824: result: no
configure:12835: checking for pthread_mutex_init in -lpthread
configure:12860: gcc -o conftest -g -O2 -pedantic -g -std=gnu89 -Wall -Wextra -Wno-unused-parameter -Wstrict-prototypes   conftest.c -lpthread  -ldl  >&5
conftest.c:32:25: warning: this function declaration is not a prototype [-Wstrict-prototypes]
char pthread_mutex_init ();
                        ^
                         void
1 warning generated.
configure:12860: $? = 0
configure:12869: result: yes
configure:12880: checking for clock_gettime in -lrt
configure:12905: gcc -o conftest -g -O2 -pedantic -g -std=gnu89 -Wall -Wextra -Wno-unused-parameter -Wstrict-prototypes   conftest.c -lrt  -lpthread -ldl  >&5
conftest.c:33:20: warning: this function declaration is not a prototype [-Wstrict-prototypes]
char clock_gettime ();
                   ^
                    void
1 warning generated.
ld: library not found for -lrt
clang: error: linker command failed with exit code 1 (use -v to see invocation)
configure:12905: $? = 1
configure: failed program was:
| /* confdefs.h */
| #define PACKAGE_NAME "libuv"
| #define PACKAGE_TARNAME "libuv"
| #define PACKAGE_VERSION "1.22.0"
| #define PACKAGE_STRING "libuv 1.22.0"
| #define PACKAGE_BUGREPORT "https://github.com/libuv/libuv/issues"
| #define PACKAGE_URL ""
| #define PACKAGE "libuv"
| #define VERSION "1.22.0"
| #define SUPPORT_FLAG_VISIBILITY 1
| #define STDC_HEADERS 1
| #define HAVE_SYS_TYPES_H 1
| #define HAVE_SYS_STAT_H 1
| #define HAVE_STDLIB_H 1
| #define HAVE_STRING_H 1
| #define HAVE_MEMORY_H 1
| #define HAVE_STRINGS_H 1
| #define HAVE_INTTYPES_H 1
| #define HAVE_STDINT_H 1
| #define HAVE_UNISTD_H 1
| #define HAVE_DLFCN_H 1
| #define LT_OBJDIR ".libs/"
| #define HAVE_LIBDL 1
| #define HAVE_LIBPTHREAD 1
| /* end confdefs.h.  */
| 
| /* Override any GCC internal prototype to avoid an error.
|    Use char because int might match the return type of a GCC
|    builtin and then its argument prototype would still apply.  */
| #ifdef __cplusplus
| extern "C"
| #endif
| char clock_gettime ();
| int
| main ()
| {
| return clock_gettime ();
|   ;
|   return 0;
| }
configure:12914: result: no
configure:12925: checking for sendfile in -lsendfile
configure:12950: gcc -o conftest -g -O2 -pedantic -g -std=gnu89 -Wall -Wextra -Wno-unused-parameter -Wstrict-prototypes   conftest.c -lsendfile  -lpthread -ldl  >&5
conftest.c:33:15: warning: this function declaration is not a prototype [-Wstrict-prototypes]
char sendfile ();
              ^
               void
1 warning generated.
ld: library not found for -lsendfile
clang: error: linker command failed with exit code 1 (use -v to see invocation)
configure:12950: $? = 1
configure: failed program was:
| /* confdefs.h */
| #define PACKAGE_NAME "libuv"
| #define PACKAGE_TARNAME "libuv"
| #define PACKAGE_VERSION "1.22.0"
| #define PACKAGE_STRING "libuv 1.22.0"
| #define PACKAGE_BUGREPORT "https://github.com/libuv/libuv/issues"
| #define PACKAGE_URL ""
| #define PACKAGE "libuv"
| #define VERSION "1.22.0"
| #define SUPPORT_FLAG_VISIBILITY 1
| #define STDC_HEADERS 1
| #define HAVE_SYS_TYPES_H 1
| #define HAVE_SYS_STAT_H 1
| #define HAVE_STDLIB_H 1
| #define HAVE_STRING_H 1
| #define HAVE_MEMORY_H 1
| #define HAVE_STRINGS_H 1
| #define HAVE_INTTYPES_H 1
| #define HAVE_STDINT_H 1
| #define HAVE_UNISTD_H 1
| #define HAVE_DLFCN_H 1
| #define LT_OBJDIR ".libs/"
| #define HAVE_LIBDL 1
| #define HAVE_LIBPTHREAD 1
| /* end confdefs.h.  */
| 
| /* Override any GCC internal prototype to avoid an error.
|    Use char because int might match the return type of a GCC
|    builtin and then its argument prototype would still apply.  */
| #ifdef __cplusplus
| extern "C"
| #endif
| char sendfile ();
| int
| main ()
| {
| return sendfile ();
|   ;
|   return 0;
| }
configure:12959: result: no
configure:12970: checking for socket in -lsocket
configure:12995: gcc -o conftest -g -O2 -pedantic -g -std=gnu89 -Wall -Wextra -Wno-unused-parameter -Wstrict-prototypes   conftest.c -lsocket  -lpthread -ldl  >&5
conftest.c:33:13: warning: this function declaration is not a prototype [-Wstrict-prototypes]
char socket ();
            ^
             void
1 warning generated.
ld: library not found for -lsocket
clang: error: linker command failed with exit code 1 (use -v to see invocation)
configure:12995: $? = 1
configure: failed program was:
| /* confdefs.h */
| #define PACKAGE_NAME "libuv"
| #define PACKAGE_TARNAME "libuv"
| #define PACKAGE_VERSION "1.22.0"
| #define PACKAGE_STRING "libuv 1.22.0"
| #define PACKAGE_BUGREPORT "https://github.com/libuv/libuv/issues"
| #define PACKAGE_URL ""
| #define PACKAGE "libuv"
| #define VERSION "1.22.0"
| #define SUPPORT_FLAG_VISIBILITY 1
| #define STDC_HEADERS 1
| #define HAVE_SYS_TYPES_H 1
| #define HAVE_SYS_STAT_H 1
| #define HAVE_STDLIB_H 1
| #define HAVE_STRING_H 1
| #define HAVE_MEMORY_H 1
| #define HAVE_STRINGS_H 1
| #define HAVE_INTTYPES_H 1
| #define HAVE_STDINT_H 1
| #define HAVE_UNISTD_H 1
| #define HAVE_DLFCN_H 1
| #define LT_OBJDIR ".libs/"
| #define HAVE_LIBDL 1
| #define HAVE_LIBPTHREAD 1
| /* end confdefs.h.  */
| 
| /* Override any GCC internal prototype to avoid an error.
|    Use char because int might match the return type of a GCC
|    builtin and then its argument prototype would still apply.  */
| #ifdef __cplusplus
| extern "C"
| #endif
| char socket ();
| int
| main ()
| {
| return socket ();
|   ;
|   return 0;
| }
configure:13004: result: no
configure:13022: checking for special C compiler options needed for large files
configure:13067: result: no
configure:13073: checking for _FILE_OFFSET_BITS value needed for large files
configure:13098: gcc -c -g -O2 -pedantic -g -std=gnu89 -Wall -Wextra -Wno-unused-parameter -Wstrict-prototypes  conftest.c >&5
configure:13098: $? = 0
configure:13130: result: no
configure:13412: checking sys/ahafs_evProds.h usability
configure:13412: gcc -c -g -O2 -pedantic -g -std=gnu89 -Wall -Wextra -Wno-unused-parameter -Wstrict-prototypes  conftest.c >&5
conftest.c:59:10: fatal error: 'sys/ahafs_evProds.h' file not found
#include <sys/ahafs_evProds.h>
         ^~~~~~~~~~~~~~~~~~~~~
1 error generated.
configure:13412: $? = 1
configure: failed program was:
| /* confdefs.h */
| #define PACKAGE_NAME "libuv"
| #define PACKAGE_TARNAME "libuv"
| #define PACKAGE_VERSION "1.22.0"
| #define PACKAGE_STRING "libuv 1.22.0"
| #define PACKAGE_BUGREPORT "https://github.com/libuv/libuv/issues"
| #define PACKAGE_URL ""
| #define PACKAGE "libuv"
| #define VERSION "1.22.0"
| #define SUPPORT_FLAG_VISIBILITY 1
| #define STDC_HEADERS 1
| #define HAVE_SYS_TYPES_H 1
| #define HAVE_SYS_STAT_H 1
| #define HAVE_STDLIB_H 1
| #define HAVE_STRING_H 1
| #define HAVE_MEMORY_H 1
| #define HAVE_STRINGS_H 1
| #define HAVE_INTTYPES_H 1
| #define HAVE_STDINT_H 1
| #define HAVE_UNISTD_H 1
| #define HAVE_DLFCN_H 1
| #define LT_OBJDIR ".libs/"
| #define HAVE_LIBDL 1
| #define HAVE_LIBPTHREAD 1
| /* end confdefs.h.  */
| #include <stdio.h>
| #ifdef HAVE_SYS_TYPES_H
| # include <sys/types.h>
| #endif
| #ifdef HAVE_SYS_STAT_H
| # include <sys/stat.h>
| #endif
| #ifdef STDC_HEADERS
| # include <stdlib.h>
| # include <stddef.h>
| #else
| # ifdef HAVE_STDLIB_H
| #  include <stdlib.h>
| # endif
| #endif
| #ifdef HAVE_STRING_H
| # if !defined STDC_HEADERS && defined HAVE_MEMORY_H
| #  include <memory.h>
| # endif
| # include <string.h>
| #endif
| #ifdef HAVE_STRINGS_H
| # include <strings.h>
| #endif
| #ifdef HAVE_INTTYPES_H
| # include <inttypes.h>
| #endif
| #ifdef HAVE_STDINT_H
| # include <stdint.h>
| #endif
| #ifdef HAVE_UNISTD_H
| # include <unistd.h>
| #endif
| #include <sys/ahafs_evProds.h>
configure:13412: result: no
configure:13412: checking sys/ahafs_evProds.h presence
configure:13412: gcc -E  conftest.c
conftest.c:26:10: fatal error: 'sys/ahafs_evProds.h' file not found
#include <sys/ahafs_evProds.h>
         ^~~~~~~~~~~~~~~~~~~~~
1 error generated.
configure:13412: $? = 1
configure: failed program was:
| /* confdefs.h */
| #define PACKAGE_NAME "libuv"
| #define PACKAGE_TARNAME "libuv"
| #define PACKAGE_VERSION "1.22.0"
| #define PACKAGE_STRING "libuv 1.22.0"
| #define PACKAGE_BUGREPORT "https://github.com/libuv/libuv/issues"
| #define PACKAGE_URL ""
| #define PACKAGE "libuv"
| #define VERSION "1.22.0"
| #define SUPPORT_FLAG_VISIBILITY 1
| #define STDC_HEADERS 1
| #define HAVE_SYS_TYPES_H 1
| #define HAVE_SYS_STAT_H 1
| #define HAVE_STDLIB_H 1
| #define HAVE_STRING_H 1
| #define HAVE_MEMORY_H 1
| #define HAVE_STRINGS_H 1
| #define HAVE_INTTYPES_H 1
| #define HAVE_STDINT_H 1
| #define HAVE_UNISTD_H 1
| #define HAVE_DLFCN_H 1
| #define LT_OBJDIR ".libs/"
| #define HAVE_LIBDL 1
| #define HAVE_LIBPTHREAD 1
| /* end confdefs.h.  */
| #include <sys/ahafs_evProds.h>
configure:13412: result: no
configure:13412: checking for sys/ahafs_evProds.h
configure:13412: result: no
configure:13569: checking that generated files are newer than configure
configure:13575: result: done
configure:13650: creating ./config.status

## ---------------------- ##
## Running config.status. ##
## ---------------------- ##

This file was extended by libuv config.status 1.22.0, which was
generated by GNU Autoconf 2.69.  Invocation command line was

  CONFIG_FILES    = 
  CONFIG_HEADERS  = 
  CONFIG_LINKS    = 
  CONFIG_COMMANDS = 
  $ ./config.status 

on liweideiMac.local

config.status:1027: creating Makefile
config.status:1027: creating libuv.pc
config.status:1199: executing depfiles commands
config.status:1272: cd .       && sed -e '/# am--include-marker/d' Makefile         | make -f - am--depfiles
config.status:1277: $? = 0
config.status:1199: executing libtool commands

## ---------------- ##
## Cache variables. ##
## ---------------- ##

ac_cv_build=x86_64-apple-darwin17.5.0
ac_cv_c_compiler_gnu=yes
ac_cv_env_CC_set=
ac_cv_env_CC_value=
ac_cv_env_CFLAGS_set=
ac_cv_env_CFLAGS_value=
ac_cv_env_CPPFLAGS_set=
ac_cv_env_CPPFLAGS_value=
ac_cv_env_CPP_set=
ac_cv_env_CPP_value=
ac_cv_env_LDFLAGS_set=
ac_cv_env_LDFLAGS_value=
ac_cv_env_LIBS_set=
ac_cv_env_LIBS_value=
ac_cv_env_LT_SYS_LIBRARY_PATH_set=
ac_cv_env_LT_SYS_LIBRARY_PATH_value=
ac_cv_env_build_alias_set=
ac_cv_env_build_alias_value=
ac_cv_env_host_alias_set=
ac_cv_env_host_alias_value=
ac_cv_env_target_alias_set=
ac_cv_env_target_alias_value=
ac_cv_header_dlfcn_h=yes
ac_cv_header_inttypes_h=yes
ac_cv_header_memory_h=yes
ac_cv_header_stdc=yes
ac_cv_header_stdint_h=yes
ac_cv_header_stdlib_h=yes
ac_cv_header_string_h=yes
ac_cv_header_strings_h=yes
ac_cv_header_sys_ahafs_evProds_h=no
ac_cv_header_sys_stat_h=yes
ac_cv_header_sys_types_h=yes
ac_cv_header_unistd_h=yes
ac_cv_host=x86_64-apple-darwin17.5.0
ac_cv_lib_dl_dlopen=yes
ac_cv_lib_kstat_kstat_lookup=no
ac_cv_lib_nsl_gethostbyname=no
ac_cv_lib_perfstat_perfstat_cpu=no
ac_cv_lib_pthread_pthread_mutex_init=yes
ac_cv_lib_rt_clock_gettime=no
ac_cv_lib_sendfile_sendfile=no
ac_cv_lib_socket_socket=no
ac_cv_objext=o
ac_cv_path_EGREP='/usr/bin/grep -E'
ac_cv_path_FGREP='/usr/bin/grep -F'
ac_cv_path_GREP=/usr/bin/grep
ac_cv_path_SED=/usr/bin/sed
ac_cv_path_install='/usr/bin/install -c'
ac_cv_path_lt_DD=/bin/dd
ac_cv_prog_AWK=awk
ac_cv_prog_CPP='gcc -E'
ac_cv_prog_ac_ct_AR=ar
ac_cv_prog_ac_ct_CC=gcc
ac_cv_prog_ac_ct_DSYMUTIL=dsymutil
ac_cv_prog_ac_ct_LIPO=lipo
ac_cv_prog_ac_ct_NMEDIT=nmedit
ac_cv_prog_ac_ct_OBJDUMP=objdump
ac_cv_prog_ac_ct_OTOOL=otool
ac_cv_prog_ac_ct_RANLIB=ranlib
ac_cv_prog_ac_ct_STRIP=strip
ac_cv_prog_cc_c89=
ac_cv_prog_cc_g=yes
ac_cv_prog_make_make_set=yes
ac_cv_sys_file_offset_bits=no
ac_cv_sys_largefile_CC=no
am_cv_CC_dependencies_compiler_type=gcc3
am_cv_ar_interface=ar
am_cv_make_support_nested_variables=yes
am_cv_prog_cc_c_o=yes
cc_cv_cflags__Wall=yes
cc_cv_cflags__Werror=yes
cc_cv_cflags__Wextra=yes
cc_cv_cflags__Wno_unused_parameter=yes
cc_cv_cflags__Wstrict_prototypes=yes
cc_cv_cflags__fvisibility_hidden=yes
cc_cv_cflags__g=yes
cc_cv_cflags__pedantic=yes
cc_cv_cflags__std_gnu89=yes
cc_cv_flag_visibility=yes
cc_cv_werror=-Werror
lt_cv_apple_cc_single_mod=yes
lt_cv_ar_at_file=no
lt_cv_deplibs_check_method=pass_all
lt_cv_file_magic_cmd='$MAGIC_CMD'
lt_cv_file_magic_test_file=
lt_cv_ld_exported_symbols_list=yes
lt_cv_ld_force_load=yes
lt_cv_ld_reload_flag=-r
lt_cv_nm_interface='BSD nm'
lt_cv_objdir=.libs
lt_cv_path_LD=/Library/Developer/CommandLineTools/usr/bin/ld
lt_cv_path_NM='/usr/bin/nm -B'
lt_cv_path_mainfest_tool=no
lt_cv_prog_compiler_c_o=yes
lt_cv_prog_compiler_pic='-fno-common -DPIC'
lt_cv_prog_compiler_pic_works=yes
lt_cv_prog_compiler_rtti_exceptions=yes
lt_cv_prog_compiler_static_works=no
lt_cv_prog_gnu_ld=no
lt_cv_sharedlib_from_linklib_cmd='printf %s\n'
lt_cv_sys_global_symbol_pipe='sed -n -e '\''s/^.*[	 ]\([BCDEGRST][BCDEGRST]*\)[	 ][	 ]*_\([_A-Za-z][_A-Za-z0-9]*\)$/\1 _\2 \2/p'\'' | sed '\''/ __gnu_lto/d'\'''
lt_cv_sys_global_symbol_to_c_name_address='sed -n -e '\''s/^: \(.*\) .*$/  {"\1", (void *) 0},/p'\'' -e '\''s/^[BCDEGRST][BCDEGRST]* .* \(.*\)$/  {"\1", (void *) \&\1},/p'\'''
lt_cv_sys_global_symbol_to_c_name_address_lib_prefix='sed -n -e '\''s/^: \(.*\) .*$/  {"\1", (void *) 0},/p'\'' -e '\''s/^[BCDEGRST][BCDEGRST]* .* \(lib.*\)$/  {"\1", (void *) \&\1},/p'\'' -e '\''s/^[BCDEGRST][BCDEGRST]* .* \(.*\)$/  {"lib\1", (void *) \&\1},/p'\'''
lt_cv_sys_global_symbol_to_cdecl='sed -n -e '\''s/^T .* \(.*\)$/extern int \1();/p'\'' -e '\''s/^[BCDEGRST][BCDEGRST]* .* \(.*\)$/extern char \1;/p'\'''
lt_cv_sys_global_symbol_to_import=
lt_cv_sys_max_cmd_len=196608
lt_cv_to_host_file_cmd=func_convert_file_noop
lt_cv_to_tool_file_cmd=func_convert_file_noop
lt_cv_truncate_bin='/bin/dd bs=4096 count=1'

## ----------------- ##
## Output variables. ##
## ----------------- ##

ACLOCAL='${SHELL} /Users/liwei/github/libuv/missing aclocal-1.16'
AIX_FALSE=''
AIX_TRUE='#'
AMDEPBACKSLASH='\'
AMDEP_FALSE='#'
AMDEP_TRUE=''
AMTAR='$${TAR-tar}'
AM_BACKSLASH='\'
AM_DEFAULT_V='$(AM_DEFAULT_VERBOSITY)'
AM_DEFAULT_VERBOSITY='0'
AM_V='$(V)'
ANDROID_FALSE=''
ANDROID_TRUE='#'
AR='ar'
AUTOCONF='${SHELL} /Users/liwei/github/libuv/missing autoconf'
AUTOHEADER='${SHELL} /Users/liwei/github/libuv/missing autoheader'
AUTOMAKE='${SHELL} /Users/liwei/github/libuv/missing automake-1.16'
AWK='awk'
CC='gcc'
CCDEPMODE='depmode=gcc3'
CFLAGS='-g -O2 -pedantic -g -std=gnu89 -Wall -Wextra -Wno-unused-parameter -Wstrict-prototypes'
CPP='gcc -E'
CPPFLAGS=''
CYGPATH_W='echo'
CYGWIN_FALSE=''
CYGWIN_TRUE='#'
DARWIN_FALSE='#'
DARWIN_TRUE=''
DEFS='-DPACKAGE_NAME=\"libuv\" -DPACKAGE_TARNAME=\"libuv\" -DPACKAGE_VERSION=\"1.22.0\" -DPACKAGE_STRING=\"libuv\ 1.22.0\" -DPACKAGE_BUGREPORT=\"https://github.com/libuv/libuv/issues\" -DPACKAGE_URL=\"\" -DPACKAGE=\"libuv\" -DVERSION=\"1.22.0\" -DSUPPORT_FLAG_VISIBILITY=1 -DSTDC_HEADERS=1 -DHAVE_SYS_TYPES_H=1 -DHAVE_SYS_STAT_H=1 -DHAVE_STDLIB_H=1 -DHAVE_STRING_H=1 -DHAVE_MEMORY_H=1 -DHAVE_STRINGS_H=1 -DHAVE_INTTYPES_H=1 -DHAVE_STDINT_H=1 -DHAVE_UNISTD_H=1 -DHAVE_DLFCN_H=1 -DLT_OBJDIR=\".libs/\" -DHAVE_LIBDL=1 -DHAVE_LIBPTHREAD=1'
DEPDIR='.deps'
DLLTOOL='false'
DRAGONFLY_FALSE=''
DRAGONFLY_TRUE='#'
DSYMUTIL='dsymutil'
DUMPBIN=''
ECHO_C='\c'
ECHO_N=''
ECHO_T=''
EGREP='/usr/bin/grep -E'
EXEEXT=''
FGREP='/usr/bin/grep -F'
FREEBSD_FALSE=''
FREEBSD_TRUE='#'
GREP='/usr/bin/grep'
INSTALL_DATA='${INSTALL} -m 644'
INSTALL_PROGRAM='${INSTALL}'
INSTALL_SCRIPT='${INSTALL}'
INSTALL_STRIP_PROGRAM='$(install_sh) -c -s'
LD='/Library/Developer/CommandLineTools/usr/bin/ld'
LDFLAGS=''
LIBOBJS=''
LIBS='-lpthread -ldl '
LIBTOOL='$(SHELL) $(top_builddir)/libtool'
LINUX_FALSE=''
LINUX_TRUE='#'
LIPO='lipo'
LN_S='ln -s'
LTLIBOBJS=''
LT_SYS_LIBRARY_PATH=''
MAKEINFO='${SHELL} /Users/liwei/github/libuv/missing makeinfo'
MANIFEST_TOOL=':'
MKDIR_P='./install-sh -c -d'
MSYS_FALSE=''
MSYS_TRUE='#'
NETBSD_FALSE=''
NETBSD_TRUE='#'
NM='/usr/bin/nm -B'
NMEDIT='nmedit'
OBJDUMP='objdump'
OBJEXT='o'
OPENBSD_FALSE=''
OPENBSD_TRUE='#'
OS390_FALSE=''
OS390_TRUE='#'
OTOOL64=':'
OTOOL='otool'
PACKAGE='libuv'
PACKAGE_BUGREPORT='https://github.com/libuv/libuv/issues'
PACKAGE_NAME='libuv'
PACKAGE_STRING='libuv 1.22.0'
PACKAGE_TARNAME='libuv'
PACKAGE_URL=''
PACKAGE_VERSION='1.22.0'
PATH_SEPARATOR=':'
RANLIB='ranlib'
SED='/usr/bin/sed'
SET_MAKE=''
SHELL='/bin/sh'
STRIP='strip'
SUNOS_FALSE=''
SUNOS_TRUE='#'
VERSION='1.22.0'
WINNT_FALSE=''
WINNT_TRUE='#'
ac_ct_AR='ar'
ac_ct_CC='gcc'
ac_ct_DUMPBIN=''
am__EXEEXT_FALSE=''
am__EXEEXT_TRUE='#'
am__fastdepCC_FALSE='#'
am__fastdepCC_TRUE=''
am__include='include'
am__isrc=''
am__leading_dot='.'
am__nodep='_no'
am__quote=''
am__tar='$${TAR-tar} chof - "$$tardir"'
am__untar='$${TAR-tar} xf -'
bindir='${exec_prefix}/bin'
build='x86_64-apple-darwin17.5.0'
build_alias=''
build_cpu='x86_64'
build_os='darwin17.5.0'
build_vendor='apple'
datadir='${datarootdir}'
datarootdir='${prefix}/share'
docdir='${datarootdir}/doc/${PACKAGE_TARNAME}'
dvidir='${docdir}'
exec_prefix='${prefix}'
host='x86_64-apple-darwin17.5.0'
host_alias=''
host_cpu='x86_64'
host_os='darwin17.5.0'
host_vendor='apple'
htmldir='${docdir}'
includedir='${prefix}/include'
infodir='${datarootdir}/info'
install_sh='${SHELL} /Users/liwei/github/libuv/install-sh'
libdir='${exec_prefix}/lib'
libexecdir='${exec_prefix}/libexec'
localedir='${datarootdir}/locale'
localstatedir='${prefix}/var'
mandir='${datarootdir}/man'
mkdir_p='$(MKDIR_P)'
oldincludedir='/usr/include'
pdfdir='${docdir}'
prefix='/usr/local'
program_transform_name='s,x,x,'
psdir='${docdir}'
sbindir='${exec_prefix}/sbin'
sharedstatedir='${prefix}/com'
sysconfdir='${prefix}/etc'
target_alias=''

## ----------- ##
## confdefs.h. ##
## ----------- ##

/* confdefs.h */
#define PACKAGE_NAME "libuv"
#define PACKAGE_TARNAME "libuv"
#define PACKAGE_VERSION "1.22.0"
#define PACKAGE_STRING "libuv 1.22.0"
#define PACKAGE_BUGREPORT "https://github.com/libuv/libuv/issues"
#define PACKAGE_URL ""
#define PACKAGE "libuv"
#define VERSION "1.22.0"
#define SUPPORT_FLAG_VISIBILITY 1
#define STDC_HEADERS 1
#define HAVE_SYS_TYPES_H 1
#define HAVE_SYS_STAT_H 1
#define HAVE_STDLIB_H 1
#define HAVE_STRING_H 1
#define HAVE_MEMORY_H 1
#define HAVE_STRINGS_H 1
#define HAVE_INTTYPES_H 1
#define HAVE_STDINT_H 1
#define HAVE_UNISTD_H 1
#define HAVE_DLFCN_H 1
#define LT_OBJDIR ".libs/"
#define HAVE_LIBDL 1
#define HAVE_LIBPTHREAD 1

configure: exit 0
